<?xml version="1.0" encoding="UTF-8"?>
<!-- Generated by org.testng.reporters.JUnitXMLReporter -->
<testsuite ignored="1" hostname="BKLAP136" failures="0" tests="1" name="Default test" time="25.958" errors="0" timestamp="2026-01-18T19:53:20 IST">
  <testcase classname="tests.LoginTest" name="VerifyLoginTestWithValiCredentials" time="21.875"/>
  <testcase classname="tests.LoginTest" name="VerifyLoginTestWithInvalidCredentials" time="0.0">
    <ignored/>
  </testcase> <!-- VerifyLoginTestWithInvalidCredentials -->
</testsuite> <!-- Default test -->
