<?xml version="1.0" encoding="UTF-8"?>
<testng-results ignored="1" total="2" passed="1" failed="0" skipped="0">
  <reporter-output>
  </reporter-output>
  <suite started-at="2026-01-18T19:52:54 IST" name="Default suite" finished-at="2026-01-18T19:53:20 IST" duration-ms="25958">
    <groups>
    </groups>
    <test started-at="2026-01-18T19:52:54 IST" name="Default test" finished-at="2026-01-18T19:53:20 IST" duration-ms="25958">
      <class name="tests.LoginTest">
        <test-method is-config="true" signature="setupReportPath()[pri:0, instance:tests.LoginTest@78a773fd]" started-at="2026-01-18T19:52:54 IST" name="setupReportPath" finished-at="2026-01-18T19:52:54 IST" duration-ms="32" status="PASS">
          <reporter-output>
          </reporter-output>
        </test-method> <!-- setupReportPath -->
        <test-method is-config="true" signature="setUp()[pri:0, instance:tests.LoginTest@78a773fd]" started-at="2026-01-18T19:52:54 IST" name="setUp" finished-at="2026-01-18T19:52:58 IST" duration-ms="3840" status="PASS">
          <reporter-output>
          </reporter-output>
        </test-method> <!-- setUp -->
        <test-method signature="VerifyLoginTestWithValiCredentials()[pri:1, instance:tests.LoginTest@78a773fd]" started-at="2026-01-18T19:52:58 IST" name="VerifyLoginTestWithValiCredentials" finished-at="2026-01-18T19:53:20 IST" duration-ms="21875" status="PASS">
          <reporter-output>
          </reporter-output>
        </test-method> <!-- VerifyLoginTestWithValiCredentials -->
        <test-method is-config="true" signature="attachScreenshot(org.testng.ITestResult)[pri:0, instance:tests.LoginTest@78a773fd]" started-at="2026-01-18T19:53:20 IST" name="attachScreenshot" finished-at="2026-01-18T19:53:20 IST" duration-ms="182" status="PASS">
          <params>
            <param index="0">
              <value>
                <![CDATA[[TestResult name=VerifyLoginTestWithValiCredentials status=SUCCESS method=LoginTest.VerifyLoginTestWithValiCredentials()[pri:1, instance:tests.LoginTest@78a773fd] output={null}]]]>
              </value>
            </param>
          </params>
          <reporter-output>
          </reporter-output>
        </test-method> <!-- attachScreenshot -->
        <test-method is-config="true" signature="tearDown()[pri:0, instance:tests.LoginTest@78a773fd]" started-at="2026-01-18T19:53:20 IST" name="tearDown" finished-at="2026-01-18T19:53:21 IST" duration-ms="392" status="PASS">
          <reporter-output>
          </reporter-output>
        </test-method> <!-- tearDown -->
      </class> <!-- tests.LoginTest -->
    </test> <!-- Default test -->
  </suite> <!-- Default suite -->
</testng-results>
